Downloading Chromium 130.0.6723.31 (playwright build v1140)[2m from https://playwright.azureedge.net/builds/chromium/1140/chromium-mac-arm64.zip[22m
|                                                                                |   0% of 139.7 MiB
|■■■■■■■■                                                                        |  10% of 139.7 MiB
|■■■■■■■■■■■■■■■■                                                                |  20% of 139.7 MiB
|■■■■■■■■■■■■■■■■■■■■■■■■                                                        |  30% of 139.7 MiB
|■■■■■■■■■■■■■■■■■■■■■■■■■■■■■■■■                                                |  40% of 139.7 MiB
|■■■■■■■■■■■■■■■■■■■■■■■■■■■■■■■■■■■■■■■■                                        |  50% of 139.7 MiB
|■■■■■■■■■■■■■■■■■■■■■■■■■■■■■■■■■■■■■■■■■■■■■■■■                                |  60% of 139.7 MiB
|■■■■■■■■■■■■■■■■■■■■■■■■■■■■■■■■■■■■■■■■■■■■■■■■■■■■■■■■                        |  70% of 139.7 MiB
|■■■■■■■■■■■■■■■■■■■■■■■■■■■■■■■■■■■■■■■■■■■■■■■■■■■■■■■■■■■■■■■■                |  80% of 139.7 MiB
|■■■■■■■■■■■■■■■■■■■■■■■■■■■■■■■■■■■■■■■■■■■■■■■■■■■■■■■■■■■■■■■■■■■■■■■■        |  90% of 139.7 MiB
|■■■■■■■■■■■■■■■■■■■■■■■■■■■■■■■■■■■■■■■■■■■■■■■■■■■■■■■■■■■■■■■■■■■■■■■■■■■■■■■■| 100% of 139.7 MiB
Chromium 130.0.6723.31 (playwright build v1140) downloaded to /Users/hayksamvelyan/Library/Caches/ms-playwright/chromium-1140
Downloading FFMPEG playwright build v1010[2m from https://playwright.azureedge.net/builds/ffmpeg/1010/ffmpeg-mac-arm64.zip[22m
|                                                                                |   1% of 1.1 MiB
|■■■■■■■■                                                                        |  10% of 1.1 MiB
|■■■■■■■■■■■■■■■■                                                                |  20% of 1.1 MiB
|■■■■■■■■■■■■■■■■■■■■■■■■                                                        |  30% of 1.1 MiB
|■■■■■■■■■■■■■■■■■■■■■■■■■■■■■■■■                                                |  40% of 1.1 MiB
|■■■■■■■■■■■■■■■■■■■■■■■■■■■■■■■■■■■■■■■■                                        |  50% of 1.1 MiB
|■■■■■■■■■■■■■■■■■■■■■■■■■■■■■■■■■■■■■■■■■■■■■■■■                                |  60% of 1.1 MiB
|■■■■■■■■■■■■■■■■■■■■■■■■■■■■■■■■■■■■■■■■■■■■■■■■■■■■■■■■                        |  71% of 1.1 MiB
|■■■■■■■■■■■■■■■■■■■■■■■■■■■■■■■■■■■■■■■■■■■■■■■■■■■■■■■■■■■■■■■■                |  80% of 1.1 MiB
|■■■■■■■■■■■■■■■■■■■■■■■■■■■■■■■■■■■■■■■■■■■■■■■■■■■■■■■■■■■■■■■■■■■■■■■■        |  90% of 1.1 MiB
|■■■■■■■■■■■■■■■■■■■■■■■■■■■■■■■■■■■■■■■■■■■■■■■■■■■■■■■■■■■■■■■■■■■■■■■■■■■■■■■■| 100% of 1.1 MiB
FFMPEG playwright build v1010 downloaded to /Users/hayksamvelyan/Library/Caches/ms-playwright/ffmpeg-1010
Downloading Firefox 131.0 (playwright build v1465)[2m from https://playwright.azureedge.net/builds/firefox/1465/firefox-mac-arm64.zip[22m
|                                                                                |   0% of 80.6 MiB
|■■■■■■■■                                                                        |  10% of 80.6 MiB
|■■■■■■■■■■■■■■■■                                                                |  20% of 80.6 MiB
|■■■■■■■■■■■■■■■■■■■■■■■■                                                        |  30% of 80.6 MiB
|■■■■■■■■■■■■■■■■■■■■■■■■■■■■■■■■                                                |  40% of 80.6 MiB
|■■■■■■■■■■■■■■■■■■■■■■■■■■■■■■■■■■■■■■■■                                        |  50% of 80.6 MiB
|■■■■■■■■■■■■■■■■■■■■■■■■■■■■■■■■■■■■■■■■■■■■■■■■                                |  60% of 80.6 MiB
|■■■■■■■■■■■■■■■■■■■■■■■■■■■■■■■■■■■■■■■■■■■■■■■■■■■■■■■■                        |  70% of 80.6 MiB
|■■■■■■■■■■■■■■■■■■■■■■■■■■■■■■■■■■■■■■■■■■■■■■■■■■■■■■■■■■■■■■■■                |  80% of 80.6 MiB
|■■■■■■■■■■■■■■■■■■■■■■■■■■■■■■■■■■■■■■■■■■■■■■■■■■■■■■■■■■■■■■■■■■■■■■■■        |  90% of 80.6 MiB
|■■■■■■■■■■■■■■■■■■■■■■■■■■■■■■■■■■■■■■■■■■■■■■■■■■■■■■■■■■■■■■■■■■■■■■■■■■■■■■■■| 100% of 80.6 MiB
Firefox 131.0 (playwright build v1465) downloaded to /Users/hayksamvelyan/Library/Caches/ms-playwright/firefox-1465
Downloading Webkit 18.0 (playwright build v2083)[2m from https://playwright.azureedge.net/builds/webkit/2083/webkit-mac-15-arm64.zip[22m
|                                                                                |   0% of 62 MiB
|■■■■■■■■                                                                        |  10% of 62 MiB
|■■■■■■■■■■■■■■■■                                                                |  20% of 62 MiB
|■■■■■■■■■■■■■■■■■■■■■■■■                                                        |  30% of 62 MiB
|■■■■■■■■■■■■■■■■■■■■■■■■■■■■■■■■                                                |  40% of 62 MiB
|■■■■■■■■■■■■■■■■■■■■■■■■■■■■■■■■■■■■■■■■                                        |  50% of 62 MiB
|■■■■■■■■■■■■■■■■■■■■■■■■■■■■■■■■■■■■■■■■■■■■■■■■                                |  60% of 62 MiB
|■■■■■■■■■■■■■■■■■■■■■■■■■■■■■■■■■■■■■■■■■■■■■■■■■■■■■■■■                        |  70% of 62 MiB
|■■■■■■■■■■■■■■■■■■■■■■■■■■■■■■■■■■■■■■■■■■■■■■■■■■■■■■■■■■■■■■■■                |  80% of 62 MiB
|■■■■■■■■■■■■■■■■■■■■■■■■■■■■■■■■■■■■■■■■■■■■■■■■■■■■■■■■■■■■■■■■■■■■■■■■        |  90% of 62 MiB
|■■■■■■■■■■■■■■■■■■■■■■■■■■■■■■■■■■■■■■■■■■■■■■■■■■■■■■■■■■■■■■■■■■■■■■■■■■■■■■■■| 100% of 62 MiB
Webkit 18.0 (playwright build v2083) downloaded to /Users/hayksamvelyan/Library/Caches/ms-playwright/webkit-2083
